Using pre-set license
Built from '2020.2/release' branch; Version is '2020.2.2f1 (068178b99f32) revision 426360'; Using compiler version '192528614'; Build Type 'Release'
OS: 'Windows 10 Pro; OS build 19041.746; Version 2004; 64bit' Language: 'en' Physical Memory: 32708 MB
BatchMode: 1, IsHumanControllingUs: 0, StartBugReporterOnCrash: 0, Is64bit: 1, IsPro: 0

 COMMAND LINE ARGUMENTS:
D:\UnityVersions\2020.2.2f1\Editor\Unity.exe
-adb2
-batchMode
-noUpm
-name
AssetImportWorker0
-projectPath
E:/UnityWork/ARFoundation_VFX
-logFile
Logs/AssetImportWorker0.log
-srvPort
52665
Successfully changed project path to: E:/UnityWork/ARFoundation_VFX
E:/UnityWork/ARFoundation_VFX
Using Asset Import Pipeline V2.
Refreshing native plugins compatible for Editor in 518.70 ms, found 0 plugins.
Preloading 0 native plugins for Editor in 0.00 ms.
Initialize engine version: 2020.2.2f1 (068178b99f32)
[Subsystems] Discovering subsystems at path D:/UnityVersions/2020.2.2f1/Editor/Data/Resources/UnitySubsystems
[Subsystems] Discovering subsystems at path E:/UnityWork/ARFoundation_VFX/Assets
GfxDevice: creating device client; threaded=0
Direct3D:
    Version:  Direct3D 11.0 [level 11.1]
    Renderer: NVIDIA GeForce RTX 2080 Ti (ID=0x1e07)
    Vendor:   
    VRAM:     11049 MB
    Driver:   27.21.14.5671
Shader 'Universal Render Pipeline/Particles/Lit': fallback shader 'Universal Render Pipeline/Particles/SimpleLit' not found
Initialize mono
Mono path[0] = 'D:/UnityVersions/2020.2.2f1/Editor/Data/Managed'
Mono path[1] = 'D:/UnityVersions/2020.2.2f1/Editor/Data/MonoBleedingEdge/lib/mono/unityjit'
Mono config path = 'D:/UnityVersions/2020.2.2f1/Editor/Data/MonoBleedingEdge/etc'
Using monoOptions --debugger-agent=transport=dt_socket,embedding=1,server=y,suspend=n,address=127.0.0.1:56280
Begin MonoManager ReloadAssembly
Registering precompiled unity dll's ...
Register platform support module: D:/UnityVersions/2020.2.2f1/Editor/Data/PlaybackEngines/WindowsStandaloneSupport/UnityEditor.WindowsStandalone.Extensions.dll
Registered in 0.001656 seconds.
Native extension for WindowsStandalone target not found
Refreshing native plugins compatible for Editor in 127.89 ms, found 0 plugins.
Preloading 0 native plugins for Editor in 0.00 ms.
Invoked RoslynAnalysisRunner static constructor.
RoslynAnalysisRunner will not be running.
RoslynAnalysisRunner has terminated.
Mono: successfully reloaded assembly
- Completed reload, in  5.836 seconds
Platform modules already initialized, skipping
Registering precompiled user dll's ...
Registered in 0.017625 seconds.
Begin MonoManager ReloadAssembly
Native extension for WindowsStandalone target not found
Refreshing native plugins compatible for Editor in 196.85 ms, found 0 plugins.
Preloading 0 native plugins for Editor in 0.00 ms.
Invoked RoslynAnalysisRunner static constructor.
RoslynAnalysisRunner will not be running.
RoslynAnalysisRunner has terminated.
Mono: successfully reloaded assembly
- Completed reload, in  7.078 seconds
Platform modules already initialized, skipping
========================================================================
Worker process is ready to serve import requests
Shader 'Universal Render Pipeline/Particles/Lit': fallback shader 'Universal Render Pipeline/Particles/SimpleLit' not found
Launched and connected shader compiler UnityShaderCompiler.exe after 0.32 seconds
Refreshing native plugins compatible for Editor in 2.60 ms, found 0 plugins.
Preloading 0 native plugins for Editor in 0.00 ms.
Unloading 3779 Unused Serialized files (Serialized files now loaded: 0)
System memory in use before: 152.8 MB.
System memory in use after: 153.0 MB.

Unloading 19 unused Assets to reduce memory usage. Loaded Objects now: 4216.
Total: 43.003100 ms (FindLiveObjects: 0.509300 ms CreateObjectMapping: 0.298400 ms MarkObjects: 41.993100 ms  DeleteObjects: 0.200100 ms)

========================================================================
Received Import Request.
  path: Assets/VFX/UnityLogo/UnityLogo.vfx
  artifactKey: Guid(b51b163050ba80a4cb5f2ba7fcb4a85b) Importer(815301076,1909f56bfc062723c751e8b465ee728b)
Start importing Assets/VFX/UnityLogo/UnityLogo.vfx using Guid(b51b163050ba80a4cb5f2ba7fcb4a85b) Importer(815301076,1909f56bfc062723c751e8b465ee728b)  -> (artifact id: '6ddce2e98c7796f8b6731879a5af0f59') in 0.415931 seconds
  Import took 0.453049 seconds .

========================================================================
Received Import Request.
  Time since last request: 0.005430 seconds.
  path: Assets/VFX/UnityLogo/UnityLogo.vfx
  artifactKey: Guid(b51b163050ba80a4cb5f2ba7fcb4a85b) Importer(815301076,1909f56bfc062723c751e8b465ee728b)
Start importing Assets/VFX/UnityLogo/UnityLogo.vfx using Guid(b51b163050ba80a4cb5f2ba7fcb4a85b) Importer(815301076,1909f56bfc062723c751e8b465ee728b)  -> (artifact id: '6ddce2e98c7796f8b6731879a5af0f59') in 0.011267 seconds
  Import took 0.024911 seconds .

========================================================================
Received Import Request.
  Time since last request: 59.031286 seconds.
  path: Assets/VFX/UnityLogo/UnityLogo.vfx
  artifactKey: Guid(b51b163050ba80a4cb5f2ba7fcb4a85b) Importer(815301076,1909f56bfc062723c751e8b465ee728b)
Start importing Assets/VFX/UnityLogo/UnityLogo.vfx using Guid(b51b163050ba80a4cb5f2ba7fcb4a85b) Importer(815301076,1909f56bfc062723c751e8b465ee728b)  -> (artifact id: '124b4222181b59ca67541eb836837dc8') in 0.008191 seconds
  Import took 0.029499 seconds .

========================================================================
Received Import Request.
  Time since last request: 38.719490 seconds.
  path: Assets/VFX
  artifactKey: Guid(b06b96ee8ca5542078880fb0956f4094) Importer(815301076,1909f56bfc062723c751e8b465ee728b)
Start importing Assets/VFX using Guid(b06b96ee8ca5542078880fb0956f4094) Importer(815301076,1909f56bfc062723c751e8b465ee728b)  -> (artifact id: '92c80722546126d58e7aa52dc145652a') in 0.008557 seconds
  Import took 0.013901 seconds .

========================================================================
Received Import Request.
  Time since last request: 1204.496548 seconds.
  path: Assets/VFX/Textures
  artifactKey: Guid(67fb0ef6302645143b68740072a3a398) Importer(815301076,1909f56bfc062723c751e8b465ee728b)
Start importing Assets/VFX/Textures using Guid(67fb0ef6302645143b68740072a3a398) Importer(815301076,1909f56bfc062723c751e8b465ee728b)  -> (artifact id: '520a02aeb8546d7dd34d076111d750b9') in 0.008490 seconds
  Import took 0.016122 seconds .

========================================================================
Received Prepare
Registering precompiled user dll's ...
Registered in 0.003562 seconds.
Begin MonoManager ReloadAssembly
Native extension for WindowsStandalone target not found
Refreshing native plugins compatible for Editor in 0.97 ms, found 0 plugins.
Preloading 0 native plugins for Editor in 0.00 ms.
Invoked RoslynAnalysisRunner static constructor.
RoslynAnalysisRunner will not be running.
RoslynAnalysisRunner has terminated.
Mono: successfully reloaded assembly
- Completed reload, in  1.049 seconds
Platform modules already initialized, skipping
Switching build target platform(5) subTarget(0) extendedPlatform(0) -> platform(13) subTarget(524288) extendedPlatform(0)
Shader 'Universal Render Pipeline/Particles/Lit': fallback shader 'Universal Render Pipeline/Particles/SimpleLit' not found
Refreshing native plugins compatible for Editor in 0.64 ms, found 0 plugins.
Preloading 0 native plugins for Editor in 0.00 ms.
Unloading 3674 Unused Serialized files (Serialized files now loaded: 0)
System memory in use before: 144.9 MB.
System memory in use after: 145.1 MB.

Unloading 15 unused Assets to reduce memory usage. Loaded Objects now: 4218.
Total: 2.991400 ms (FindLiveObjects: 0.300700 ms CreateObjectMapping: 0.162900 ms MarkObjects: 2.452100 ms  DeleteObjects: 0.074300 ms)

AssetImportParameters requested are different than current active one (requested -> active):
  custom:graphics/normal-map-encoding: 01000000000000000000000000000000 -> 02000000000000000000000000000000
========================================================================
Received Prepare
Registering precompiled user dll's ...
Registered in 0.003547 seconds.
Begin MonoManager ReloadAssembly
Native extension for WindowsStandalone target not found
Refreshing native plugins compatible for Editor in 0.56 ms, found 0 plugins.
Preloading 0 native plugins for Editor in 0.00 ms.
Invoked RoslynAnalysisRunner static constructor.
RoslynAnalysisRunner will not be running.
RoslynAnalysisRunner has terminated.
Mono: successfully reloaded assembly
- Completed reload, in  1.039 seconds
Platform modules already initialized, skipping
Switching build target platform(5) subTarget(0) extendedPlatform(0) -> platform(13) subTarget(524288) extendedPlatform(0)
Shader 'Universal Render Pipeline/Particles/Lit': fallback shader 'Universal Render Pipeline/Particles/SimpleLit' not found
Refreshing native plugins compatible for Editor in 0.57 ms, found 0 plugins.
Preloading 0 native plugins for Editor in 0.00 ms.
Unloading 3674 Unused Serialized files (Serialized files now loaded: 0)
System memory in use before: 145.0 MB.
System memory in use after: 145.2 MB.

Unloading 14 unused Assets to reduce memory usage. Loaded Objects now: 4221.
Total: 2.545200 ms (FindLiveObjects: 0.453500 ms CreateObjectMapping: 0.193200 ms MarkObjects: 1.843300 ms  DeleteObjects: 0.053600 ms)

AssetImportParameters requested are different than current active one (requested -> active):
  custom:graphics/normal-map-encoding: 01000000000000000000000000000000 -> 02000000000000000000000000000000
========================================================================
Received Import Request.
  Time since last request: 227.621125 seconds.
  path: Assets/Samples/UnityLogo/UnityLogo.vfx
  artifactKey: Guid(b51b163050ba80a4cb5f2ba7fcb4a85b) Importer(815301076,1909f56bfc062723c751e8b465ee728b)
Start importing Assets/Samples/UnityLogo/UnityLogo.vfx using Guid(b51b163050ba80a4cb5f2ba7fcb4a85b) Importer(815301076,1909f56bfc062723c751e8b465ee728b)  -> (artifact id: 'b27a65bff7a0cd890d58a57e0856e31a') in 0.019627 seconds
  Import took 0.026669 seconds .

========================================================================
Received Prepare
Registering precompiled user dll's ...
Registered in 0.003129 seconds.
Begin MonoManager ReloadAssembly
Native extension for WindowsStandalone target not found
Refreshing native plugins compatible for Editor in 0.61 ms, found 0 plugins.
Preloading 0 native plugins for Editor in 0.00 ms.
Invoked RoslynAnalysisRunner static constructor.
RoslynAnalysisRunner will not be running.
RoslynAnalysisRunner has terminated.
Mono: successfully reloaded assembly
- Completed reload, in  1.274 seconds
Platform modules already initialized, skipping
Shader 'Universal Render Pipeline/Particles/Lit': fallback shader 'Universal Render Pipeline/Particles/SimpleLit' not found
Refreshing native plugins compatible for Editor in 1.16 ms, found 0 plugins.
Preloading 0 native plugins for Editor in 0.00 ms.
Unloading 3670 Unused Serialized files (Serialized files now loaded: 0)
System memory in use before: 144.9 MB.
System memory in use after: 145.1 MB.

Unloading 14 unused Assets to reduce memory usage. Loaded Objects now: 4224.
Total: 2.592200 ms (FindLiveObjects: 0.409900 ms CreateObjectMapping: 0.225800 ms MarkObjects: 1.896800 ms  DeleteObjects: 0.058200 ms)

========================================================================
Received Prepare
Shader 'Universal Render Pipeline/Particles/Lit': fallback shader 'Universal Render Pipeline/Particles/SimpleLit' not found
Refreshing native plugins compatible for Editor in 2.12 ms, found 0 plugins.
Preloading 0 native plugins for Editor in 0.00 ms.
Unloading 11 Unused Serialized files (Serialized files now loaded: 0)
System memory in use before: 72.5 MB.
System memory in use after: 72.7 MB.

Unloading 11 unused Assets to reduce memory usage. Loaded Objects now: 4224.
Total: 2.726000 ms (FindLiveObjects: 0.496900 ms CreateObjectMapping: 0.256500 ms MarkObjects: 1.918300 ms  DeleteObjects: 0.052900 ms)

========================================================================
Received Import Request.
  Time since last request: 51.605858 seconds.
  path: Assets/Samples/UnityLogo/UnityLogo.vfx
  artifactKey: Guid(b51b163050ba80a4cb5f2ba7fcb4a85b) Importer(815301076,1909f56bfc062723c751e8b465ee728b)
Start importing Assets/Samples/UnityLogo/UnityLogo.vfx using Guid(b51b163050ba80a4cb5f2ba7fcb4a85b) Importer(815301076,1909f56bfc062723c751e8b465ee728b)  -> (artifact id: 'df90bf158a0755f7baec470ddeaf661f') in 0.015775 seconds
  Import took 0.022881 seconds .

========================================================================
Received Import Request.
  Time since last request: 0.004985 seconds.
  path: Assets/Samples/UnityLogo/UnityLogo.vfx
  artifactKey: Guid(b51b163050ba80a4cb5f2ba7fcb4a85b) Importer(815301076,1909f56bfc062723c751e8b465ee728b)
Start importing Assets/Samples/UnityLogo/UnityLogo.vfx using Guid(b51b163050ba80a4cb5f2ba7fcb4a85b) Importer(815301076,1909f56bfc062723c751e8b465ee728b)  -> (artifact id: 'df90bf158a0755f7baec470ddeaf661f') in 0.003354 seconds
  Import took 0.008930 seconds .

========================================================================
Received Import Request.
  Time since last request: 14.407901 seconds.
  path: Assets/Samples/UnityLogo/UnityLogo.vfx
  artifactKey: Guid(b51b163050ba80a4cb5f2ba7fcb4a85b) Importer(815301076,1909f56bfc062723c751e8b465ee728b)
Start importing Assets/Samples/UnityLogo/UnityLogo.vfx using Guid(b51b163050ba80a4cb5f2ba7fcb4a85b) Importer(815301076,1909f56bfc062723c751e8b465ee728b)  -> (artifact id: 'a7f14aa9f7cf1a0a00734e81d33bdf21') in 0.003752 seconds
  Import took 0.009819 seconds .

========================================================================
Received Import Request.
  Time since last request: 0.042275 seconds.
  path: Assets/Samples/UnityLogo/UnityLogo.vfx
  artifactKey: Guid(b51b163050ba80a4cb5f2ba7fcb4a85b) Importer(815301076,1909f56bfc062723c751e8b465ee728b)
Start importing Assets/Samples/UnityLogo/UnityLogo.vfx using Guid(b51b163050ba80a4cb5f2ba7fcb4a85b) Importer(815301076,1909f56bfc062723c751e8b465ee728b)  -> (artifact id: 'a7f14aa9f7cf1a0a00734e81d33bdf21') in 0.003468 seconds
  Import took 0.009570 seconds .

========================================================================
Received Import Request.
  Time since last request: 322.583238 seconds.
  path: Assets/Samples/Visual Effect Graph/10.2.2/VisualEffectGraph Additions
  artifactKey: Guid(f36c5d6af94c60c44be4d78eb4dd8402) Importer(815301076,1909f56bfc062723c751e8b465ee728b)
Start importing Assets/Samples/Visual Effect Graph/10.2.2/VisualEffectGraph Additions using Guid(f36c5d6af94c60c44be4d78eb4dd8402) Importer(815301076,1909f56bfc062723c751e8b465ee728b)  -> (artifact id: 'bb3d8b2cdc58eac0cbe54341db0baee8') in 0.005375 seconds
  Import took 0.011782 seconds .

========================================================================
Received Import Request.
  Time since last request: 428.551072 seconds.
  path: Assets/Samples/Visual Effect Graph/10.2.2/OutputEvent Helpers
  artifactKey: Guid(e81b0654fa744424496b47a7d1480690) Importer(815301076,1909f56bfc062723c751e8b465ee728b)
Start importing Assets/Samples/Visual Effect Graph/10.2.2/OutputEvent Helpers using Guid(e81b0654fa744424496b47a7d1480690) Importer(815301076,1909f56bfc062723c751e8b465ee728b)  -> (artifact id: '7837799cbfdefaf7030864ba9add966d') in 0.007326 seconds
  Import took 0.018267 seconds .

========================================================================
Received Prepare
Registering precompiled user dll's ...
Registered in 0.003556 seconds.
Begin MonoManager ReloadAssembly
Native extension for WindowsStandalone target not found
Refreshing native plugins compatible for Editor in 0.93 ms, found 0 plugins.
Preloading 0 native plugins for Editor in 0.00 ms.
Invoked RoslynAnalysisRunner static constructor.
RoslynAnalysisRunner will not be running.
RoslynAnalysisRunner has terminated.
Mono: successfully reloaded assembly
- Completed reload, in  2.392 seconds
Platform modules already initialized, skipping
Shader 'Universal Render Pipeline/Particles/Lit': fallback shader 'Universal Render Pipeline/Particles/SimpleLit' not found
Refreshing native plugins compatible for Editor in 0.95 ms, found 0 plugins.
Preloading 0 native plugins for Editor in 0.00 ms.
Unloading 3685 Unused Serialized files (Serialized files now loaded: 0)
System memory in use before: 145.5 MB.
System memory in use after: 145.7 MB.

Unloading 14 unused Assets to reduce memory usage. Loaded Objects now: 4242.
Total: 2.576500 ms (FindLiveObjects: 0.478100 ms CreateObjectMapping: 0.234900 ms MarkObjects: 1.801800 ms  DeleteObjects: 0.060500 ms)

AssetImportWorkerClient::OnTransportError - code=2 error=End of file
