Using pre-set license
Built from '2020.2/release' branch; Version is '2020.2.2f1 (068178b99f32) revision 426360'; Using compiler version '192528614'; Build Type 'Release'
OS: 'Windows 10 Pro; OS build 19041.746; Version 2004; 64bit' Language: 'en' Physical Memory: 32708 MB
BatchMode: 1, IsHumanControllingUs: 0, StartBugReporterOnCrash: 0, Is64bit: 1, IsPro: 0

 COMMAND LINE ARGUMENTS:
D:\UnityVersions\2020.2.2f1\Editor\Unity.exe
-adb2
-batchMode
-noUpm
-name
AssetImportWorker0
-projectPath
E:/UnityWork/ARFoundation_VFX
-logFile
Logs/AssetImportWorker0.log
-srvPort
62512
Successfully changed project path to: E:/UnityWork/ARFoundation_VFX
E:/UnityWork/ARFoundation_VFX
Using Asset Import Pipeline V2.
Refreshing native plugins compatible for Editor in 49.16 ms, found 0 plugins.
Preloading 0 native plugins for Editor in 0.00 ms.
Initialize engine version: 2020.2.2f1 (068178b99f32)
[Subsystems] Discovering subsystems at path D:/UnityVersions/2020.2.2f1/Editor/Data/Resources/UnitySubsystems
[Subsystems] Discovering subsystems at path E:/UnityWork/ARFoundation_VFX/Assets
GfxDevice: creating device client; threaded=0
Direct3D:
    Version:  Direct3D 11.0 [level 11.1]
    Renderer: NVIDIA GeForce RTX 2080 Ti (ID=0x1e07)
    Vendor:   
    VRAM:     11049 MB
    Driver:   27.21.14.5671
Shader 'Universal Render Pipeline/Particles/Lit': fallback shader 'Universal Render Pipeline/Particles/SimpleLit' not found
Initialize mono
Mono path[0] = 'D:/UnityVersions/2020.2.2f1/Editor/Data/Managed'
Mono path[1] = 'D:/UnityVersions/2020.2.2f1/Editor/Data/MonoBleedingEdge/lib/mono/unityjit'
Mono config path = 'D:/UnityVersions/2020.2.2f1/Editor/Data/MonoBleedingEdge/etc'
Using monoOptions --debugger-agent=transport=dt_socket,embedding=1,server=y,suspend=n,address=127.0.0.1:56176
Begin MonoManager ReloadAssembly
Registering precompiled unity dll's ...
Register platform support module: D:/UnityVersions/2020.2.2f1/Editor/Data/PlaybackEngines/WindowsStandaloneSupport/UnityEditor.WindowsStandalone.Extensions.dll
Registered in 0.000950 seconds.
Native extension for WindowsStandalone target not found
Refreshing native plugins compatible for Editor in 45.25 ms, found 0 plugins.
Preloading 0 native plugins for Editor in 0.00 ms.
Invoked RoslynAnalysisRunner static constructor.
RoslynAnalysisRunner will not be running.
RoslynAnalysisRunner has terminated.
Mono: successfully reloaded assembly
- Completed reload, in  1.146 seconds
Platform modules already initialized, skipping
Registering precompiled user dll's ...
Registered in 0.001017 seconds.
Begin MonoManager ReloadAssembly
Native extension for WindowsStandalone target not found
Refreshing native plugins compatible for Editor in 48.35 ms, found 0 plugins.
Preloading 0 native plugins for Editor in 0.00 ms.
Invoked RoslynAnalysisRunner static constructor.
RoslynAnalysisRunner will not be running.
RoslynAnalysisRunner has terminated.
Mono: successfully reloaded assembly
- Completed reload, in  0.899 seconds
Platform modules already initialized, skipping
========================================================================
Worker process is ready to serve import requests
Shader 'Universal Render Pipeline/Particles/Lit': fallback shader 'Universal Render Pipeline/Particles/SimpleLit' not found
Launched and connected shader compiler UnityShaderCompiler.exe after 0.04 seconds
Refreshing native plugins compatible for Editor in 0.49 ms, found 0 plugins.
Preloading 0 native plugins for Editor in 0.00 ms.
Unloading 3155 Unused Serialized files (Serialized files now loaded: 0)
System memory in use before: 132.9 MB.
System memory in use after: 133.1 MB.

Unloading 14 unused Assets to reduce memory usage. Loaded Objects now: 3594.
Total: 2.266600 ms (FindLiveObjects: 0.305700 ms CreateObjectMapping: 0.180200 ms MarkObjects: 1.685800 ms  DeleteObjects: 0.093900 ms)

========================================================================
Received Import Request.
  path: Assets/Scenes
  artifactKey: Guid(4f704ae4b4f98ae41a0bce26658850c1) Importer(815301076,1909f56bfc062723c751e8b465ee728b)
Start importing Assets/Scenes using Guid(4f704ae4b4f98ae41a0bce26658850c1) Importer(815301076,1909f56bfc062723c751e8b465ee728b)  -> (artifact id: 'fb000aa48c9fad785045774af4d49469') in 0.009705 seconds
  Import took 0.016225 seconds .

========================================================================
Received Import Request.
  Time since last request: 0.000206 seconds.
  path: Assets/Scenes/HumanSegmentation
  artifactKey: Guid(182a357a33f23407ab0bd3ef40079dc9) Importer(815301076,1909f56bfc062723c751e8b465ee728b)
Start importing Assets/Scenes/HumanSegmentation using Guid(182a357a33f23407ab0bd3ef40079dc9) Importer(815301076,1909f56bfc062723c751e8b465ee728b)  -> (artifact id: '357c94afb26b50fed3a494cee71963bf') in 0.007696 seconds
  Import took 0.013515 seconds .

========================================================================
Received Prepare
Registering precompiled user dll's ...
Registered in 0.001101 seconds.
Begin MonoManager ReloadAssembly
Native extension for WindowsStandalone target not found
Refreshing native plugins compatible for Editor in 0.47 ms, found 0 plugins.
Preloading 0 native plugins for Editor in 0.00 ms.
Invoked RoslynAnalysisRunner static constructor.
RoslynAnalysisRunner will not be running.
RoslynAnalysisRunner has terminated.
Mono: successfully reloaded assembly
- Completed reload, in  0.786 seconds
Platform modules already initialized, skipping
Switching build target platform(5) subTarget(0) extendedPlatform(0) -> platform(13) subTarget(589824) extendedPlatform(0)
Shader 'Universal Render Pipeline/Particles/Lit': fallback shader 'Universal Render Pipeline/Particles/SimpleLit' not found
Refreshing native plugins compatible for Editor in 0.45 ms, found 0 plugins.
Preloading 0 native plugins for Editor in 0.00 ms.
Unloading 3072 Unused Serialized files (Serialized files now loaded: 0)
System memory in use before: 125.6 MB.
System memory in use after: 125.8 MB.

Unloading 11 unused Assets to reduce memory usage. Loaded Objects now: 3595.
Total: 2.440100 ms (FindLiveObjects: 0.312000 ms CreateObjectMapping: 0.165200 ms MarkObjects: 1.912400 ms  DeleteObjects: 0.049300 ms)

AssetImportParameters requested are different than current active one (requested -> active):
  custom:graphics/normal-map-encoding: 01000000000000000000000000000000 -> 02000000000000000000000000000000
========================================================================
Received Import Request.
  Time since last request: 15.698999 seconds.
  path: Assets/TextMesh Pro
  artifactKey: Guid(f54d1bd14bd3ca042bd867b519fee8cc) Importer(815301076,1909f56bfc062723c751e8b465ee728b)
Start importing Assets/TextMesh Pro using Guid(f54d1bd14bd3ca042bd867b519fee8cc) Importer(815301076,1909f56bfc062723c751e8b465ee728b)  -> (artifact id: '0d111526379d29f359fe0c2393f58516') in 0.008051 seconds
  Import took 0.012540 seconds .

========================================================================
Received Import Request.
  Time since last request: 0.000313 seconds.
  path: Assets/TextMesh Pro
  artifactKey: Guid(f54d1bd14bd3ca042bd867b519fee8cc) Importer(815301076,1909f56bfc062723c751e8b465ee728b)
Start importing Assets/TextMesh Pro using Guid(f54d1bd14bd3ca042bd867b519fee8cc) Importer(815301076,1909f56bfc062723c751e8b465ee728b)  -> (artifact id: '0d111526379d29f359fe0c2393f58516') in 0.002268 seconds
  Import took 0.006877 seconds .

========================================================================
Received Import Request.
  Time since last request: 0.595454 seconds.
  path: Assets/VFX
  artifactKey: Guid(b06b96ee8ca5542078880fb0956f4094) Importer(815301076,1909f56bfc062723c751e8b465ee728b)
Start importing Assets/VFX using Guid(b06b96ee8ca5542078880fb0956f4094) Importer(815301076,1909f56bfc062723c751e8b465ee728b)  -> (artifact id: '92c80722546126d58e7aa52dc145652a') in 0.005199 seconds
  Import took 0.009668 seconds .

========================================================================
Received Import Request.
  Time since last request: 0.402818 seconds.
  path: Assets/XR
  artifactKey: Guid(c29d400425255d74fa3c91a16efdd0aa) Importer(815301076,1909f56bfc062723c751e8b465ee728b)
Start importing Assets/XR using Guid(c29d400425255d74fa3c91a16efdd0aa) Importer(815301076,1909f56bfc062723c751e8b465ee728b)  -> (artifact id: '2da6fc96e0c0b9806d29107ef72bda01') in 0.005212 seconds
  Import took 0.009971 seconds .

========================================================================
Received Import Request.
  Time since last request: 4.233902 seconds.
  path: Assets/Prefabs
  artifactKey: Guid(4b65ad133137edf4ab7f9b8ef7b9a46d) Importer(815301076,1909f56bfc062723c751e8b465ee728b)
Start importing Assets/Prefabs using Guid(4b65ad133137edf4ab7f9b8ef7b9a46d) Importer(815301076,1909f56bfc062723c751e8b465ee728b)  -> (artifact id: '7f6c5ef7a5c5671007bc4613ea38d5c0') in 0.005880 seconds
  Import took 0.010678 seconds .

========================================================================
Received Import Request.
  Time since last request: 3.775745 seconds.
  path: Assets/Prefabs/robot
  artifactKey: Guid(cca685f5563f44fb594bb061d390f30b) Importer(815301076,1909f56bfc062723c751e8b465ee728b)
Start importing Assets/Prefabs/robot using Guid(cca685f5563f44fb594bb061d390f30b) Importer(815301076,1909f56bfc062723c751e8b465ee728b)  -> (artifact id: 'a79a64bddbfc72a05820fbf7399e9c45') in 0.005718 seconds
  Import took 0.010226 seconds .

========================================================================
Received Prepare
Shader 'Universal Render Pipeline/Particles/Lit': fallback shader 'Universal Render Pipeline/Particles/SimpleLit' not found
Refreshing native plugins compatible for Editor in 2.26 ms, found 0 plugins.
Preloading 0 native plugins for Editor in 0.00 ms.
Unloading 665 Unused Serialized files (Serialized files now loaded: 0)
System memory in use before: 84.1 MB.
System memory in use after: 84.2 MB.

Unloading 655 unused Assets to reduce memory usage. Loaded Objects now: 3605.
Total: 3.206700 ms (FindLiveObjects: 0.309900 ms CreateObjectMapping: 0.155700 ms MarkObjects: 2.140700 ms  DeleteObjects: 0.598500 ms)

========================================================================
Received Prepare
Shader 'Universal Render Pipeline/Particles/Lit': fallback shader 'Universal Render Pipeline/Particles/SimpleLit' not found
Refreshing native plugins compatible for Editor in 2.23 ms, found 0 plugins.
Preloading 0 native plugins for Editor in 0.00 ms.
Unloading 648 Unused Serialized files (Serialized files now loaded: 0)
System memory in use before: 83.8 MB.
System memory in use after: 83.9 MB.

Unloading 648 unused Assets to reduce memory usage. Loaded Objects now: 3605.
Total: 2.159900 ms (FindLiveObjects: 0.292300 ms CreateObjectMapping: 0.129000 ms MarkObjects: 1.391900 ms  DeleteObjects: 0.345800 ms)

========================================================================
Received Prepare
Registering precompiled user dll's ...
Registered in 0.003121 seconds.
Begin MonoManager ReloadAssembly
Native extension for WindowsStandalone target not found
Refreshing native plugins compatible for Editor in 0.64 ms, found 0 plugins.
Preloading 0 native plugins for Editor in 0.00 ms.
Invoked RoslynAnalysisRunner static constructor.
RoslynAnalysisRunner will not be running.
RoslynAnalysisRunner has terminated.
Mono: successfully reloaded assembly
- Completed reload, in  1.152 seconds
Platform modules already initialized, skipping
Switching build target platform(5) subTarget(0) extendedPlatform(0) -> platform(13) subTarget(524288) extendedPlatform(0)
Shader 'Universal Render Pipeline/Particles/Lit': fallback shader 'Universal Render Pipeline/Particles/SimpleLit' not found
Refreshing native plugins compatible for Editor in 0.55 ms, found 0 plugins.
Preloading 0 native plugins for Editor in 0.00 ms.
Unloading 3679 Unused Serialized files (Serialized files now loaded: 0)
System memory in use before: 144.6 MB.
System memory in use after: 144.7 MB.

Unloading 20 unused Assets to reduce memory usage. Loaded Objects now: 4203.
Total: 2.525100 ms (FindLiveObjects: 0.434100 ms CreateObjectMapping: 0.215900 ms MarkObjects: 1.740500 ms  DeleteObjects: 0.133400 ms)

AssetImportParameters requested are different than current active one (requested -> active):
  custom:graphics/normal-map-encoding: 01000000000000000000000000000000 -> 02000000000000000000000000000000
========================================================================
Received Import Request.
  Time since last request: 811.235895 seconds.
  path: Assets/VFX/ARVFXScene.unity
  artifactKey: Guid(64fc70c33df17482dbaa130c0999652d) Importer(815301076,1909f56bfc062723c751e8b465ee728b)
Start importing Assets/VFX/ARVFXScene.unity using Guid(64fc70c33df17482dbaa130c0999652d) Importer(815301076,1909f56bfc062723c751e8b465ee728b)  -> (artifact id: '1049813de6447f56b6ca663867bff48c') in 0.016130 seconds
  Import took 0.021471 seconds .

========================================================================
Received Import Request.
  Time since last request: 0.037762 seconds.
  path: Assets/VFX/ARVFXScene.unity
  artifactKey: Guid(64fc70c33df17482dbaa130c0999652d) Importer(815301076,1909f56bfc062723c751e8b465ee728b)
Start importing Assets/VFX/ARVFXScene.unity using Guid(64fc70c33df17482dbaa130c0999652d) Importer(815301076,1909f56bfc062723c751e8b465ee728b)  -> (artifact id: '1049813de6447f56b6ca663867bff48c') in 0.002184 seconds
  Import took 0.008508 seconds .

========================================================================
Received Import Request.
  Time since last request: 21.470686 seconds.
  path: Assets/Prefabs/VFXRoot.prefab
  artifactKey: Guid(4886eb8d4b95e445cbf8c6a175990d66) Importer(815301076,1909f56bfc062723c751e8b465ee728b)
Start importing Assets/Prefabs/VFXRoot.prefab using Guid(4886eb8d4b95e445cbf8c6a175990d66) Importer(815301076,1909f56bfc062723c751e8b465ee728b)  -> (artifact id: 'ec5cc4f03060bed2b7d4443b3e241ef5') in 0.076077 seconds
  Import took 0.081715 seconds .

========================================================================
Received Import Request.
  Time since last request: 0.002751 seconds.
  path: Assets/Prefabs/VFXRoot.prefab
  artifactKey: Guid(4886eb8d4b95e445cbf8c6a175990d66) Importer(815301076,1909f56bfc062723c751e8b465ee728b)
Start importing Assets/Prefabs/VFXRoot.prefab using Guid(4886eb8d4b95e445cbf8c6a175990d66) Importer(815301076,1909f56bfc062723c751e8b465ee728b)  -> (artifact id: 'ec5cc4f03060bed2b7d4443b3e241ef5') in 0.018451 seconds
  Import took 0.023394 seconds .

========================================================================
Received Import Request.
  Time since last request: 11.217744 seconds.
  path: Assets/VFX/TestVFX.vfx
  artifactKey: Guid(78c5a0c841e6b42448cd0b9186273123) Importer(815301076,1909f56bfc062723c751e8b465ee728b)
Start importing Assets/VFX/TestVFX.vfx using Guid(78c5a0c841e6b42448cd0b9186273123) Importer(815301076,1909f56bfc062723c751e8b465ee728b)  -> (artifact id: '7a3ea80255b4d27e126b073892391dfa') in 0.008042 seconds
  Import took 0.013000 seconds .

========================================================================
Received Import Request.
  Time since last request: 2.655629 seconds.
  path: Assets/VFX/TestVFX.vfx
  artifactKey: Guid(78c5a0c841e6b42448cd0b9186273123) Importer(815301076,1909f56bfc062723c751e8b465ee728b)
Start importing Assets/VFX/TestVFX.vfx using Guid(78c5a0c841e6b42448cd0b9186273123) Importer(815301076,1909f56bfc062723c751e8b465ee728b)  -> (artifact id: 'e1fa35fa54f4c2f2ff3a65440f15c17d') in 0.003694 seconds
  Import took 0.012315 seconds .

========================================================================
Received Import Request.
  Time since last request: 38.435841 seconds.
  path: Assets/VFX/UnityLogo/UnityLogo.vfx
  artifactKey: Guid(b51b163050ba80a4cb5f2ba7fcb4a85b) Importer(815301076,1909f56bfc062723c751e8b465ee728b)
Start importing Assets/VFX/UnityLogo/UnityLogo.vfx using Guid(b51b163050ba80a4cb5f2ba7fcb4a85b) Importer(815301076,1909f56bfc062723c751e8b465ee728b)  -> (artifact id: '651bf078533033638f7612bea4af4a22') in 0.006578 seconds
  Import took 0.013670 seconds .

========================================================================
Received Import Request.
  Time since last request: 0.001680 seconds.
  path: Assets/VFX/UnityLogo/UnityLogo.vfx
  artifactKey: Guid(b51b163050ba80a4cb5f2ba7fcb4a85b) Importer(815301076,1909f56bfc062723c751e8b465ee728b)
Start importing Assets/VFX/UnityLogo/UnityLogo.vfx using Guid(b51b163050ba80a4cb5f2ba7fcb4a85b) Importer(815301076,1909f56bfc062723c751e8b465ee728b)  -> (artifact id: '651bf078533033638f7612bea4af4a22') in 0.004193 seconds
  Import took 0.011553 seconds .

========================================================================
Received Import Request.
  Time since last request: 11.299366 seconds.
  path: Assets/VFX/UnityLogo/UnityLogo-SceneSettings.asset
  artifactKey: Guid(0e28bb77d0643bd42bdd46fa8e26a5d3) Importer(815301076,1909f56bfc062723c751e8b465ee728b)
Start importing Assets/VFX/UnityLogo/UnityLogo-SceneSettings.asset using Guid(0e28bb77d0643bd42bdd46fa8e26a5d3) Importer(815301076,1909f56bfc062723c751e8b465ee728b)  -> (artifact id: '5fbeea35d6496e1cba9a8be2227db616') in 0.010909 seconds
  Import took 0.016492 seconds .

========================================================================
Received Import Request.
  Time since last request: 1.399083 seconds.
  path: Assets/VFX/UnityLogo/UnityLogo-PostProcess.asset
  artifactKey: Guid(e23dbfbaa96922e4ea0e959ad8a0a760) Importer(815301076,1909f56bfc062723c751e8b465ee728b)
Start importing Assets/VFX/UnityLogo/UnityLogo-PostProcess.asset using Guid(e23dbfbaa96922e4ea0e959ad8a0a760) Importer(815301076,1909f56bfc062723c751e8b465ee728b)  -> (artifact id: 'df9fa7f48fbddbfc7fa0a360e029fda2') in 0.006482 seconds
  Import took 0.011836 seconds .

========================================================================
Received Import Request.
  Time since last request: 0.000680 seconds.
  path: Assets/VFX/UnityLogo/UnityLogo-PostProcess.asset
  artifactKey: Guid(e23dbfbaa96922e4ea0e959ad8a0a760) Importer(815301076,1909f56bfc062723c751e8b465ee728b)
Start importing Assets/VFX/UnityLogo/UnityLogo-PostProcess.asset using Guid(e23dbfbaa96922e4ea0e959ad8a0a760) Importer(815301076,1909f56bfc062723c751e8b465ee728b)  -> (artifact id: 'df9fa7f48fbddbfc7fa0a360e029fda2') in 0.003323 seconds
  Import took 0.008725 seconds .

========================================================================
Received Import Request.
  Time since last request: 2.077587 seconds.
  path: Assets/VFX/UnityLogo/UnityLogo-Animation-Timeline.playable
  artifactKey: Guid(dab0281a3f898514681dc0884bd13b2f) Importer(815301076,1909f56bfc062723c751e8b465ee728b)
Start importing Assets/VFX/UnityLogo/UnityLogo-Animation-Timeline.playable using Guid(dab0281a3f898514681dc0884bd13b2f) Importer(815301076,1909f56bfc062723c751e8b465ee728b)  -> (artifact id: '4e0d0ca1f3c53061d885b1869fdc74ce') in 0.013068 seconds
  Import took 0.017970 seconds .

========================================================================
Received Import Request.
  Time since last request: 0.000339 seconds.
  path: Assets/VFX/UnityLogo/UnityLogo-Animation-Timeline.playable
  artifactKey: Guid(dab0281a3f898514681dc0884bd13b2f) Importer(815301076,1909f56bfc062723c751e8b465ee728b)
Start importing Assets/VFX/UnityLogo/UnityLogo-Animation-Timeline.playable using Guid(dab0281a3f898514681dc0884bd13b2f) Importer(815301076,1909f56bfc062723c751e8b465ee728b)  -> (artifact id: '4e0d0ca1f3c53061d885b1869fdc74ce') in 0.002796 seconds
  Import took 0.007772 seconds .

========================================================================
Received Import Request.
  Time since last request: 24.486191 seconds.
  path: Assets/VFX/UnityLogo
  artifactKey: Guid(7315fb0f5731b48b8b0e8d5cea6411a7) Importer(815301076,1909f56bfc062723c751e8b465ee728b)
Start importing Assets/VFX/UnityLogo using Guid(7315fb0f5731b48b8b0e8d5cea6411a7) Importer(815301076,1909f56bfc062723c751e8b465ee728b)  -> (artifact id: 'ba8b3e34471e23df5f02bf09a8237b68') in 0.016119 seconds
  Import took 0.032157 seconds .

AssetImportWorkerClient::OnTransportError - code=2 error=End of file
