
=== Tue Oct 15 14:51:02 2019

Packages were changed.
Update Mode: updateDependencies

The following packages were removed:
  com.unity.package-manager-ui@2.2.0

=== Tue Oct 22 12:38:19 2019

Packages were changed.
Update Mode: updateDependencies

The following packages were updated:
  com.unity.render-pipelines.universal from version 7.0.1 to 7.1.1
  com.unity.test-framework from version 1.0.18 to 1.1.2
  com.unity.timeline from version 1.1.0 to 1.2.2
  com.unity.visualeffectgraph from version 7.0.1 to 7.1.1

=== Sat Oct 26 13:20:16 2019

Packages were changed.
Update Mode: updateDependencies

The following packages were updated:
  com.unity.test-framework from version 1.1.2 to 1.1.3
  com.unity.timeline from version 1.2.2 to 1.2.4

=== Tue Feb  9 17:01:55 2021

Packages were changed.
Update Mode: updateDependencies

The following packages were added:
  com.unity.ide.visualstudio@2.0.5
The following packages were updated:
  com.unity.ext.nunit from version 1.0.0 to 1.0.6
  com.unity.ide.rider from version 1.1.0 to 2.0.7
  com.unity.ide.vscode from version 1.1.2 to 1.2.3
  com.unity.render-pipelines.universal from version 7.1.1 to 10.2.2
  com.unity.test-framework from version 1.1.3 to 1.1.20
  com.unity.textmeshpro from version 2.0.1 to 3.0.1
  com.unity.timeline from version 1.2.4 to 1.2.6
  com.unity.visualeffectgraph from version 7.1.1 to 10.2.2
  com.unity.xr.arcore from version 3.0.0-preview.3 to 4.0.9
  com.unity.xr.arfoundation from version 3.0.0-preview.3 to 4.0.9
  com.unity.xr.arkit from version 3.0.0-preview.3 to 4.0.9
  com.unity.xr.arkit-face-tracking from version 3.0.0-preview.3 to 4.0.9
  com.unity.xr.legacyinputhelpers from version 2.0.6 to 2.1.7

=== Tue Feb  9 17:09:35 2021

Packages were changed.
Update Mode: mergeDefaultDependencies

The following packages were added:
  com.unity.device-simulator@2.0.0-preview
  com.unity.localization@0.7.1-preview
The following packages were updated:
  com.unity.timeline from version 1.2.6 to 1.2.10
  com.unity.xr.arcore from version 4.0.9 to 4.1.0-preview.5
  com.unity.xr.arfoundation from version 4.0.9 to 4.1.0-preview.5
  com.unity.xr.arkit from version 4.0.9 to 4.1.0-preview.5
